<?xml version="1.0" encoding="UTF-8"?>
<testng-results ignored="0" total="1" passed="1" failed="0" skipped="0">
  <reporter-output>
  </reporter-output>
  <suite started-at="2023-11-26T11:30:33 IST" name="Default suite" finished-at="2023-11-26T11:31:06 IST" duration-ms="32875">
    <groups>
    </groups>
    <test started-at="2023-11-26T11:30:33 IST" name="Default test" finished-at="2023-11-26T11:31:06 IST" duration-ms="32875">
      <class name="Module_Test.Test_Class">
        <test-method is-config="true" signature="openbrowser()[pri:0, instance:Module_Test.Test_Class@117159c0]" started-at="2023-11-26T11:30:33 IST" name="openbrowser" finished-at="2023-11-26T11:30:37 IST" duration-ms="3683" status="PASS">
          <reporter-output>
          </reporter-output>
        </test-method> <!-- openbrowser -->
        <test-method is-config="true" signature="logintoapp()[pri:0, instance:Module_Test.Test_Class@117159c0]" started-at="2023-11-26T11:30:37 IST" name="logintoapp" finished-at="2023-11-26T11:31:06 IST" duration-ms="29028" status="PASS">
          <reporter-output>
          </reporter-output>
        </test-method> <!-- logintoapp -->
        <test-method signature="verifyusername()[pri:0, instance:Module_Test.Test_Class@117159c0]" started-at="2023-11-26T11:31:06 IST" name="verifyusername" finished-at="2023-11-26T11:31:06 IST" duration-ms="7" status="PASS">
          <reporter-output>
          </reporter-output>
        </test-method> <!-- verifyusername -->
        <test-method is-config="true" signature="logoutfromapp()[pri:0, instance:Module_Test.Test_Class@117159c0]" started-at="2023-11-26T11:31:06 IST" name="logoutfromapp" finished-at="2023-11-26T11:31:06 IST" duration-ms="1" status="PASS">
          <reporter-output>
          </reporter-output>
        </test-method> <!-- logoutfromapp -->
        <test-method is-config="true" signature="closebrowser()[pri:0, instance:Module_Test.Test_Class@117159c0]" started-at="2023-11-26T11:31:06 IST" name="closebrowser" finished-at="2023-11-26T11:31:06 IST" duration-ms="126" status="PASS">
          <reporter-output>
          </reporter-output>
        </test-method> <!-- closebrowser -->
      </class> <!-- Module_Test.Test_Class -->
    </test> <!-- Default test -->
  </suite> <!-- Default suite -->
</testng-results>
