<?xml version="1.0" encoding="UTF-8"?>
<!-- Generated by org.testng.reporters.JUnitXMLReporter -->
<testsuite ignored="0" hostname="LAPTOP-J7IILEPI" failures="0" tests="2" name="Test_Edge" time="0.023" errors="0" timestamp="2023-11-25T21:00:45 IST">
  <testcase classname="Test_Class.test_class" name="selecthotel" time="0.0">
    <skipped/>
  </testcase> <!-- selecthotel -->
  <testcase classname="Test_Class.test_class" name="verific" time="0.0">
    <skipped/>
  </testcase> <!-- verific -->
</testsuite> <!-- Test_Edge -->
