<?xml version="1.0" encoding="UTF-8"?>
<!-- Generated by org.testng.reporters.JUnitXMLReporter -->
<testsuite ignored="1" hostname="LAPTOP-J7IILEPI" failures="0" tests="1" name="Default test" time="73.254" errors="0" timestamp="2023-10-02T17:14:34 IST">
  <testcase classname="Module1_Test_Class.Testinggggg" name="kSelectProuduct" time="32.214"/>
  <testcase classname="Module1_Test_Class.Testinggggg" name="PLACEORDER" time="0.0">
    <ignored/>
  </testcase> <!-- PLACEORDER -->
</testsuite> <!-- Default test -->
